<?xml version="1.0" encoding="UTF-8"?>
<testsuite xmlns:xsi="http://www.w3.org/2001/XMLSchema-instance" xsi:noNamespaceSchemaLocation="https://maven.apache.org/surefire/maven-surefire-plugin/xsd/surefire-test-report-3.0.xsd" version="3.0" name="com.example.consumingrest.ConsumingRestApplicationTest" time="4.252" tests="1" errors="0" skipped="0" failures="0">
  <properties>
[...]
</properties>
  <testcase name="contextLoads" classname="com.example.consumingrest.ConsumingRestApplicationTest" time="1.294">
    <system-out><![CDATA[14:30:55.039 [main] INFO org.springframework.test.context.support.AnnotationConfigContextLoaderUtils -- Could not detect default configuration classes for test class [com.example.consumingrest.ConsumingRestApplicationTest]: ConsumingRestApplicationTest does not declare any static, non-private, non-final, nested classes annotated with @Configuration.
14:30:55.273 [main] INFO org.springframework.boot.test.context.SpringBootTestContextBootstrapper -- Found @SpringBootConfiguration com.example.consumingrest.ConsumingRestApplication for test class com.example.consumingrest.ConsumingRestApplicationTest
  .   ____          _            __ _ _
 /\\ / ___'_ __ _ _(_)_ __  __ _ \ \ \ \
( ( )\___ | '_ | '_| | '_ \/ _` | \ \ \ \
 \\/  ___)| |_)| | | | | || (_| |  ) ) ) )
  '  |____| .__|_| |_|_| |_\__, | / / / /
 =========|_|==============|___/=/_/_/_/

 :: Spring Boot ::                (v3.3.0)

2025-07-04T14:30:55.876+09:00  INFO 9620 --- [           main] c.e.c.ConsumingRestApplicationTest       : Starting ConsumingRestApplicationTest using Java 24.0.1 with PID 9620 (started by kimchanbae in c:\spring-tools-for-eclipse-4.31.0.RELEASE-e4.36.0-win32.win32.x86_64\sts-4.31.0.RELEASE\workspace\gs-consuming-rest-complete)
2025-07-04T14:30:55.879+09:00  INFO 9620 --- [           main] c.e.c.ConsumingRestApplicationTest       : The following 1 profile is active: "test"
2025-07-04T14:30:57.458+09:00  INFO 9620 --- [           main] o.s.b.a.w.s.WelcomePageHandlerMapping    : Adding welcome page: class path resource [public/index.html]
2025-07-04T14:30:57.735+09:00  INFO 9620 --- [           main] c.e.c.ConsumingRestApplicationTest       : Started ConsumingRestApplicationTest in 2.239 seconds (process running for 3.753)
]]></system-out>
    <system-err><![CDATA[WARNING: A Java agent has been loaded dynamically (C:\Users\kimchanbae\.m2\repository\net\bytebuddy\byte-buddy-agent\1.14.16\byte-buddy-agent-1.14.16.jar)
WARNING: If a serviceability tool is in use, please run with -XX:+EnableDynamicAgentLoading to hide this warning
WARNING: If a serviceability tool is not in use, please run with -Djdk.instrument.traceUsage for more information
WARNING: Dynamic loading of agents will be disallowed by default in a future release
]]></system-err>
  </testcase>
</testsuite>